[2025-11-07 10:48:51] Conexión exitosa a la base de datos.
[2025-11-07 10:48:51] No hay tareas pendientes por ejecutar.
[2025-11-07 10:50:16] Conexión exitosa a la base de datos.
[2025-11-07 10:50:16] No hay tareas pendientes por ejecutar.
[2025-11-07 11:01:32] Conexión exitosa a la base de datos.
[2025-11-07 11:01:32] No hay tareas pendientes por ejecutar.
[2025-11-07 11:07:24] Conexión exitosa a la base de datos.
[2025-11-07 11:07:24] 🔹 Procesando tarea ID 1: prueba alerta.
[2025-11-07 11:07:24] 📄 PDF generado: C:\xampp\htdocs\scantec2\scrips/../temp/Reporte_20251107_110724.pdf
[2025-11-07 11:07:28] ✅ Correo enviado correctamente a: aldo.silva@printec.com.py, silvajavier1993@gmail.com
[2025-11-07 11:07:28] 🔹 Procesando tarea ID 2: vencimientos.
[2025-11-07 11:07:28] 📄 PDF generado: C:\xampp\htdocs\scantec2\scrips/../temp/Reporte_20251107_110728.pdf
[2025-11-07 11:08:14] Conexión exitosa a la base de datos.
[2025-11-07 11:08:14] 🔹 Procesando tarea ID 2: vencimientos.
[2025-11-07 11:08:14] 📄 PDF generado: C:\xampp\htdocs\scantec2\scrips/../temp/Reporte_20251107_110814.pdf
[2025-11-07 11:08:17] ✅ Correo enviado correctamente a: aldo.silva@printec.com.py
[2025-11-07 11:08:17] ✅ Proceso finalizado correctamente.
[2025-11-07 11:10:59] Conexión exitosa a la base de datos.
[2025-11-07 11:10:59] Conexión exitosa a la base de datos.
[2025-11-07 11:10:59] No hay tareas pendientes por ejecutar.
[2025-11-07 11:10:59] No hay tareas pendientes por ejecutar.
[2025-11-07 12:12:01] Conexión exitosa a la base de datos.
[2025-11-07 12:12:01] Conexión exitosa a la base de datos.
[2025-11-07 12:12:01] No hay tareas pendientes por ejecutar.
[2025-11-07 12:12:01] No hay tareas pendientes por ejecutar.
[2025-11-07 12:13:10] Conexión exitosa a la base de datos.
[2025-11-07 12:13:10] No hay tareas pendientes por ejecutar.
[2025-11-07 12:13:10] Conexión exitosa a la base de datos.
[2025-11-07 12:13:10] No hay tareas pendientes por ejecutar.
[2025-11-07 12:14:41] Conexión exitosa a la base de datos.
[2025-11-07 12:14:41] Conexión exitosa a la base de datos.
[2025-11-07 12:14:41] 🔹 Procesando tarea ID 3: alertas.
[2025-11-07 12:14:41] 🔹 Procesando tarea ID 3: alertas.
[2025-11-07 12:14:41] 📄 PDF generado: C:\xampp\htdocs\scantec2\scrips/../temp/Reporte_20251107_121441.pdf
[2025-11-07 12:14:41] 📄 PDF generado: C:\xampp\htdocs\scantec2\scrips/../temp/Reporte_20251107_121441.pdf
[2025-11-07 12:14:45] ✅ Correo enviado correctamente a: andres.rivarola@printec.com.py, aldo.silva@printec.com.py
[2025-11-07 12:14:45] ✅ Correo enviado correctamente a: andres.rivarola@printec.com.py, aldo.silva@printec.com.py
[2025-11-07 12:14:45] ✅ Proceso finalizado correctamente.
[2025-11-07 12:14:45] ✅ Proceso finalizado correctamente.[2025-11-07 12:18:39] Conexión exitosa a la base de datos.
[2025-11-07 12:18:39] 🔹 Procesando tarea ID 3: alertas.
[2025-11-07 12:18:40] 📄 PDF generado: C:\xampp\htdocs\scantec2\scrips/../temp/Reporte_20251107_121840.pdf
[2025-11-07 12:18:40] Conexión exitosa a la base de datos.
[2025-11-07 12:18:40] 🔹 Procesando tarea ID 3: alertas.
[2025-11-07 12:18:40] 📄 PDF generado: C:\xampp\htdocs\scantec2\scrips/../temp/Reporte_20251107_121840.pdf
[2025-11-07 12:18:43] ✅ Correo enviado correctamente a: andres.rivarola@printec.com.py, aldo.silva@printec.com.py
[2025-11-07 12:18:43] ✅ Proceso finalizado correctamente.

[2025-11-07 12:18:43] ✅ Correo enviado correctamente a: andres.rivarola@printec.com.py, aldo.silva@printec.com.py
[2025-11-07 12:18:43] ✅ Proceso finalizado correctamente.

[2025-11-07 12:43:41] Conexión exitosa a la base de datos.
[2025-11-07 12:43:41] 🔹 Procesando tarea ID 3: alertas.
[2025-11-07 12:43:41] 📄 PDF generado: C:\xampp\htdocs\scantec2\scrips/../temp/Reporte_20251107_124341.pdf
[2025-11-07 12:43:45] ✅ Correo enviado correctamente a: andres.rivarola@printec.com.py
[2025-11-07 12:43:48] ✅ Correo enviado correctamente a: aldo.silva@printec.com.py
[2025-11-07 12:43:48] ✅ Proceso finalizado correctamente.

[2025-11-07 13:02:47] Conexión exitosa a la base de datos.
[2025-11-07 13:02:47] 🔹 Procesando tarea ID 3: alertas.
[2025-11-07 13:02:47] 📄 PDF generado: C:\xampp\htdocs\scantec2\scrips/../temp/
[2025-11-07 13:02:50] ✅ Correo enviado correctamente a: aldo.silva@printec.com.py
[2025-11-07 13:02:50] ✅ Proceso finalizado correctamente.

[2025-11-07 14:11:28] Conexión exitosa a la base de datos.
[2025-11-07 14:11:28] 🔹 Procesando tarea ID 3: alertas.
[2025-11-07 14:11:28] 📄 PDF generado: C:\xampp\htdocs\scantec2\scrips/../temp/
[2025-11-07 14:11:31] ✅ Correo enviado correctamente a: aldo.silva@printec.com.py
[2025-11-07 14:11:31] ✅ Proceso finalizado correctamente.

[2025-11-07 15:21:57] Conexión exitosa a la base de datos.
[2025-11-07 15:21:57] No hay tareas pendientes por ejecutar.
[2025-11-07 15:22:25] Conexión exitosa a la base de datos.
[2025-11-07 15:22:25] 🔹 Procesando tarea ID 3: alertas.
[2025-11-07 15:40:20] Conexión exitosa a la base de datos.
[2025-11-07 15:40:20] 🔹 Procesando tarea ID 3: alertas.
[2025-11-07 15:41:56] Conexión exitosa a la base de datos.
[2025-11-07 15:41:56] 🔹 Procesando tarea ID 3: alertas.
[2025-11-07 15:45:01] Conexión exitosa a la base de datos.
[2025-11-07 15:45:01] 🔹 Procesando tarea ID 3: alertas.
[2025-11-07 15:47:28] Conexión exitosa a la base de datos.
[2025-11-07 15:47:28] 🔹 Procesando tarea ID 3: alertas.
[2025-11-07 15:47:29] 📄 PDF generado: C:\xampp\htdocs\scantec2\scrips/../temp/Reporte_20251107_154728.pdf
[2025-11-07 15:47:32] ✅ Correo enviado correctamente a: aldo.silva@printec.com.py
[2025-11-07 15:47:32] ✅ Proceso finalizado correctamente.
[2025-11-07 16:22:32] Conexión exitosa a la base de datos.
[2025-11-07 16:22:32] No hay tareas pendientes por ejecutar.
[2025-11-07 17:31:11] Conexión exitosa a la base de datos.
[2025-11-07 17:31:11] No hay tareas pendientes por ejecutar.
